[debug] [2024-11-16T13:38:46.238Z] ----------------------------------------------------------------------
[debug] [2024-11-16T13:38:46.240Z] Command:       /usr/local/bin/node /usr/local/bin/firebase init hosting
[debug] [2024-11-16T13:38:46.240Z] CLI Version:   13.20.2
[debug] [2024-11-16T13:38:46.240Z] Platform:      darwin
[debug] [2024-11-16T13:38:46.240Z] Node Version:  v20.17.0
[debug] [2024-11-16T13:38:46.240Z] Time:          Sat Nov 16 2024 14:38:46 GMT+0100 (West Africa Standard Time)
[debug] [2024-11-16T13:38:46.240Z] ----------------------------------------------------------------------
[debug] 
[debug] [2024-11-16T13:38:46.276Z] > command requires scopes: ["email","openid","https://www.googleapis.com/auth/cloudplatformprojects.readonly","https://www.googleapis.com/auth/firebase","https://www.googleapis.com/auth/cloud-platform"]
[debug] [2024-11-16T13:38:46.276Z] > authorizing via signed-in user (peculiar@circo.live)
[info] 
     ######## #### ########  ######## ########     ###     ######  ########
     ##        ##  ##     ## ##       ##     ##  ##   ##  ##       ##
     ######    ##  ########  ######   ########  #########  ######  ######
     ##        ##  ##    ##  ##       ##     ## ##     ##       ## ##
     ##       #### ##     ## ######## ########  ##     ##  ######  ########

You're about to initialize a Firebase project in this directory:

  /Users/circo-mac005/Documents/ExpressPay

Before we get started, keep in mind:

  * You are initializing within an existing Firebase project directory

[info] 
=== Project Setup
[info] 
[info] First, let's associate this project directory with a Firebase project.
[info] You can create multiple project aliases by running firebase use --add, 
[info] but for now we'll just set up a default project.
[info] 
[debug] [2024-11-16T13:38:48.799Z] Checked if tokens are valid: true, expires at: 1731767883038
[debug] [2024-11-16T13:38:48.800Z] Checked if tokens are valid: true, expires at: 1731767883038
[debug] [2024-11-16T13:38:48.802Z] >>> [apiv2][query] GET https://firebase.googleapis.com/v1beta1/projects pageSize=100
[debug] [2024-11-16T13:38:49.754Z] <<< [apiv2][status] GET https://firebase.googleapis.com/v1beta1/projects 200
[debug] [2024-11-16T13:38:49.754Z] <<< [apiv2][body] GET https://firebase.googleapis.com/v1beta1/projects [omitted]
[info] i  Using project visionprobase (Visionprobase) 
[info] 
=== Hosting Setup
[debug] [2024-11-16T13:39:08.531Z] Checked if tokens are valid: true, expires at: 1731767883038
[debug] [2024-11-16T13:39:08.531Z] Checked if tokens are valid: true, expires at: 1731767883038
[debug] [2024-11-16T13:39:08.531Z] >>> [apiv2][query] GET https://firebase.googleapis.com/v1beta1/projects/visionprobase [none]
[debug] [2024-11-16T13:39:09.300Z] <<< [apiv2][status] GET https://firebase.googleapis.com/v1beta1/projects/visionprobase 200
[debug] [2024-11-16T13:39:09.301Z] <<< [apiv2][body] GET https://firebase.googleapis.com/v1beta1/projects/visionprobase {"projectId":"visionprobase","projectNumber":"470005462156","displayName":"Visionprobase","name":"projects/visionprobase","resources":{"hostingSite":"visionprobase"},"state":"ACTIVE","etag":"1_30e5b4b8-71ab-4224-b04c-dacbe5b0622e"}
[info] 
[info] Your public directory is the folder (relative to your project directory) that
[info] will contain Hosting assets to be uploaded with firebase deploy. If you
[info] have a build process for your assets, use your build's output directory.
[info] 
[debug] [2024-11-16T13:39:21.883Z] ----------------------------------------------------------------------
[debug] [2024-11-16T13:39:21.884Z] Command:       /usr/local/bin/node /usr/local/bin/firebase init hosting
[debug] [2024-11-16T13:39:21.884Z] CLI Version:   13.20.2
[debug] [2024-11-16T13:39:21.884Z] Platform:      darwin
[debug] [2024-11-16T13:39:21.884Z] Node Version:  v20.17.0
[debug] [2024-11-16T13:39:21.884Z] Time:          Sat Nov 16 2024 14:39:21 GMT+0100 (West Africa Standard Time)
[debug] [2024-11-16T13:39:21.885Z] ----------------------------------------------------------------------
[debug] 
[debug] [2024-11-16T13:39:21.918Z] > command requires scopes: ["email","openid","https://www.googleapis.com/auth/cloudplatformprojects.readonly","https://www.googleapis.com/auth/firebase","https://www.googleapis.com/auth/cloud-platform"]
[debug] [2024-11-16T13:39:21.918Z] > authorizing via signed-in user (peculiar@circo.live)
[info] 
     ######## #### ########  ######## ########     ###     ######  ########
     ##        ##  ##     ## ##       ##     ##  ##   ##  ##       ##
     ######    ##  ########  ######   ########  #########  ######  ######
     ##        ##  ##    ##  ##       ##     ## ##     ##       ## ##
     ##       #### ##     ## ######## ########  ##     ##  ######  ########

You're about to initialize a Firebase project in this directory:

  /Users/circo-mac005/Documents/ExpressPay

Before we get started, keep in mind:

  * You are initializing within an existing Firebase project directory

[info] 
=== Project Setup
[info] 
[info] First, let's associate this project directory with a Firebase project.
[info] You can create multiple project aliases by running firebase use --add, 
[info] but for now we'll just set up a default project.
[info] 
[debug] [2024-11-16T13:39:21.919Z] Using project from CLI flag: visionprobase
[debug] [2024-11-16T13:39:21.920Z] Checked if tokens are valid: true, expires at: 1731767883038
[debug] [2024-11-16T13:39:21.920Z] Checked if tokens are valid: true, expires at: 1731767883038
[debug] [2024-11-16T13:39:21.920Z] >>> [apiv2][query] GET https://firebase.googleapis.com/v1beta1/projects/visionprobase [none]
[debug] [2024-11-16T13:39:22.638Z] <<< [apiv2][status] GET https://firebase.googleapis.com/v1beta1/projects/visionprobase 200
[debug] [2024-11-16T13:39:22.638Z] <<< [apiv2][body] GET https://firebase.googleapis.com/v1beta1/projects/visionprobase {"projectId":"visionprobase","projectNumber":"470005462156","displayName":"Visionprobase","name":"projects/visionprobase","resources":{"hostingSite":"visionprobase"},"state":"ACTIVE","etag":"1_30e5b4b8-71ab-4224-b04c-dacbe5b0622e"}
[info] i  Using project visionprobase (Visionprobase) 
[info] 
=== Hosting Setup
[debug] [2024-11-16T13:39:22.647Z] Checked if tokens are valid: true, expires at: 1731767883038
[debug] [2024-11-16T13:39:22.647Z] Checked if tokens are valid: true, expires at: 1731767883038
[debug] [2024-11-16T13:39:22.647Z] >>> [apiv2][query] GET https://firebase.googleapis.com/v1beta1/projects/visionprobase [none]
[debug] [2024-11-16T13:39:22.953Z] <<< [apiv2][status] GET https://firebase.googleapis.com/v1beta1/projects/visionprobase 200
[debug] [2024-11-16T13:39:22.953Z] <<< [apiv2][body] GET https://firebase.googleapis.com/v1beta1/projects/visionprobase {"projectId":"visionprobase","projectNumber":"470005462156","displayName":"Visionprobase","name":"projects/visionprobase","resources":{"hostingSite":"visionprobase"},"state":"ACTIVE","etag":"1_30e5b4b8-71ab-4224-b04c-dacbe5b0622e"}
[info] 
[info] Your public directory is the folder (relative to your project directory) that
[info] will contain Hosting assets to be uploaded with firebase deploy. If you
[info] have a build process for your assets, use your build's output directory.
[info] 
